<?xml version="1.0" encoding="UTF-8"?>
<!-- Generated by org.testng.reporters.JUnitReportReporter -->
<testsuite hostname="Nitish-Pal" failures="0" tests="1" name="FirstGETRequest" time="5.020" errors="0" timestamp="2025-06-29T20:36:51 IST" skipped="0">
  <testcase classname="FirstGETRequest" name="testCase01" time="5.020"/>
</testsuite> <!-- FirstGETRequest -->
